CRITICAL - 2023-11-07 11:33:48 --> Undefined property: CodeIgniter\View\View::$load
in APPPATH/Views/welcome_message.php on line 5.
 1 APPPATH/Views/welcome_message.php(5): CodeIgniter\Debug\Exceptions->errorHandler(2, 'Undefined property: CodeIgniter\\View\\View::$load', '/Users/ferroyudisthira/Desktop/Semesters/Semester 5/Framework Based Programming/TugasPertemuan11/app/Views/welcome_message.php', 5)
 2 SYSTEMPATH/View/View.php(228): include('/Users/ferroyudisthira/Desktop/Semesters/Semester 5/Framework Based Programming/TugasPertemuan11/app/Views/welcome_message.php')
 3 SYSTEMPATH/View/View.php(231): CodeIgniter\View\View->CodeIgniter\View\{closure}()
 4 SYSTEMPATH/Common.php(1190): CodeIgniter\View\View->render('welcome_message', [], true)
 5 APPPATH/Controllers/Home.php(9): view('welcome_message')
 6 SYSTEMPATH/CodeIgniter.php(942): App\Controllers\Home->index()
 7 SYSTEMPATH/CodeIgniter.php(502): CodeIgniter\CodeIgniter->runController(Object(App\Controllers\Home))
 8 SYSTEMPATH/CodeIgniter.php(361): CodeIgniter\CodeIgniter->handleRequest(null, Object(Config\Cache), false)
 9 FCPATH/index.php(79): CodeIgniter\CodeIgniter->run()
10 SYSTEMPATH/Commands/Server/rewrite.php(47): require_once('/Users/ferroyudisthira/Desktop/Semesters/Semester 5/Framework Based Programming/TugasPertemuan11/public/index.php')
CRITICAL - 2023-11-07 11:35:59 --> Invalid file: "_partials/header.php"
in SYSTEMPATH/Exceptions/FrameworkException.php on line 39.
 1 SYSTEMPATH/View/View.php(216): CodeIgniter\Exceptions\FrameworkException::forInvalidFile('_partials/header.php')
 2 SYSTEMPATH/Common.php(1190): CodeIgniter\View\View->render('_partials/header', [], true)
 3 APPPATH/Controllers/Home.php(9): view('_partials/header')
 4 SYSTEMPATH/CodeIgniter.php(942): App\Controllers\Home->index()
 5 SYSTEMPATH/CodeIgniter.php(502): CodeIgniter\CodeIgniter->runController(Object(App\Controllers\Home))
 6 SYSTEMPATH/CodeIgniter.php(361): CodeIgniter\CodeIgniter->handleRequest(null, Object(Config\Cache), false)
 7 FCPATH/index.php(79): CodeIgniter\CodeIgniter->run()
 8 SYSTEMPATH/Commands/Server/rewrite.php(47): require_once('/Users/ferroyudisthira/Desktop/Semesters/Semester 5/Framework Based Programming/TugasPertemuan11/public/index.php')
CRITICAL - 2023-11-07 11:38:08 --> Invalid file: "_partials/header.php"
in SYSTEMPATH/Exceptions/FrameworkException.php on line 39.
 1 SYSTEMPATH/View/View.php(216): CodeIgniter\Exceptions\FrameworkException::forInvalidFile('_partials/header.php')
 2 SYSTEMPATH/Common.php(1190): CodeIgniter\View\View->render('_partials/header', [], true)
 3 APPPATH/Controllers/Home.php(9): view('_partials/header')
 4 SYSTEMPATH/CodeIgniter.php(942): App\Controllers\Home->index()
 5 SYSTEMPATH/CodeIgniter.php(502): CodeIgniter\CodeIgniter->runController(Object(App\Controllers\Home))
 6 SYSTEMPATH/CodeIgniter.php(361): CodeIgniter\CodeIgniter->handleRequest(null, Object(Config\Cache), false)
 7 FCPATH/index.php(79): CodeIgniter\CodeIgniter->run()
 8 SYSTEMPATH/Commands/Server/rewrite.php(47): require_once('/Users/ferroyudisthira/Desktop/Semesters/Semester 5/Framework Based Programming/TugasPertemuan11/public/index.php')
CRITICAL - 2023-11-07 11:38:09 --> Invalid file: "_partials/header.php"
in SYSTEMPATH/Exceptions/FrameworkException.php on line 39.
 1 SYSTEMPATH/View/View.php(216): CodeIgniter\Exceptions\FrameworkException::forInvalidFile('_partials/header.php')
 2 SYSTEMPATH/Common.php(1190): CodeIgniter\View\View->render('_partials/header', [], true)
 3 APPPATH/Controllers/Home.php(9): view('_partials/header')
 4 SYSTEMPATH/CodeIgniter.php(942): App\Controllers\Home->index()
 5 SYSTEMPATH/CodeIgniter.php(502): CodeIgniter\CodeIgniter->runController(Object(App\Controllers\Home))
 6 SYSTEMPATH/CodeIgniter.php(361): CodeIgniter\CodeIgniter->handleRequest(null, Object(Config\Cache), false)
 7 FCPATH/index.php(79): CodeIgniter\CodeIgniter->run()
 8 SYSTEMPATH/Commands/Server/rewrite.php(47): require_once('/Users/ferroyudisthira/Desktop/Semesters/Semester 5/Framework Based Programming/TugasPertemuan11/public/index.php')
CRITICAL - 2023-11-07 11:38:10 --> Invalid file: "_partials/header.php"
in SYSTEMPATH/Exceptions/FrameworkException.php on line 39.
 1 SYSTEMPATH/View/View.php(216): CodeIgniter\Exceptions\FrameworkException::forInvalidFile('_partials/header.php')
 2 SYSTEMPATH/Common.php(1190): CodeIgniter\View\View->render('_partials/header', [], true)
 3 APPPATH/Controllers/Home.php(9): view('_partials/header')
 4 SYSTEMPATH/CodeIgniter.php(942): App\Controllers\Home->index()
 5 SYSTEMPATH/CodeIgniter.php(502): CodeIgniter\CodeIgniter->runController(Object(App\Controllers\Home))
 6 SYSTEMPATH/CodeIgniter.php(361): CodeIgniter\CodeIgniter->handleRequest(null, Object(Config\Cache), false)
 7 FCPATH/index.php(79): CodeIgniter\CodeIgniter->run()
 8 SYSTEMPATH/Commands/Server/rewrite.php(47): require_once('/Users/ferroyudisthira/Desktop/Semesters/Semester 5/Framework Based Programming/TugasPertemuan11/public/index.php')
CRITICAL - 2023-11-07 11:40:31 --> App\Controllers\Home::index(): Return value must be of type string, none returned
in APPPATH/Controllers/Home.php on line 12.
 1 SYSTEMPATH/CodeIgniter.php(942): App\Controllers\Home->index()
 2 SYSTEMPATH/CodeIgniter.php(502): CodeIgniter\CodeIgniter->runController(Object(App\Controllers\Home))
 3 SYSTEMPATH/CodeIgniter.php(361): CodeIgniter\CodeIgniter->handleRequest(null, Object(Config\Cache), false)
 4 FCPATH/index.php(79): CodeIgniter\CodeIgniter->run()
 5 SYSTEMPATH/Commands/Server/rewrite.php(47): require_once('/Users/ferroyudisthira/Desktop/Semesters/Semester 5/Framework Based Programming/TugasPertemuan11/public/index.php')
CRITICAL - 2023-11-07 11:40:32 --> App\Controllers\Home::index(): Return value must be of type string, none returned
in APPPATH/Controllers/Home.php on line 12.
 1 SYSTEMPATH/CodeIgniter.php(942): App\Controllers\Home->index()
 2 SYSTEMPATH/CodeIgniter.php(502): CodeIgniter\CodeIgniter->runController(Object(App\Controllers\Home))
 3 SYSTEMPATH/CodeIgniter.php(361): CodeIgniter\CodeIgniter->handleRequest(null, Object(Config\Cache), false)
 4 FCPATH/index.php(79): CodeIgniter\CodeIgniter->run()
 5 SYSTEMPATH/Commands/Server/rewrite.php(47): require_once('/Users/ferroyudisthira/Desktop/Semesters/Semester 5/Framework Based Programming/TugasPertemuan11/public/index.php')
CRITICAL - 2023-11-07 11:47:41 --> Invalid file: "_partials/navbar.php"
in SYSTEMPATH/Exceptions/FrameworkException.php on line 39.
 1 SYSTEMPATH/View/View.php(216): CodeIgniter\Exceptions\FrameworkException::forInvalidFile('_partials/navbar.php')
 2 SYSTEMPATH/Common.php(1190): CodeIgniter\View\View->render('_partials/navbar', [], true)
 3 APPPATH/Controllers/Home.php(9): view('_partials/navbar')
 4 SYSTEMPATH/CodeIgniter.php(942): App\Controllers\Home->index()
 5 SYSTEMPATH/CodeIgniter.php(502): CodeIgniter\CodeIgniter->runController(Object(App\Controllers\Home))
 6 SYSTEMPATH/CodeIgniter.php(361): CodeIgniter\CodeIgniter->handleRequest(null, Object(Config\Cache), false)
 7 FCPATH/index.php(79): CodeIgniter\CodeIgniter->run()
 8 SYSTEMPATH/Commands/Server/rewrite.php(47): require_once('/Users/ferroyudisthira/Desktop/Semesters/Semester 5/Framework Based Programming/TugasPertemuan11/public/index.php')
CRITICAL - 2023-11-07 12:28:22 --> Invalid file: "welcome_message.php"
in SYSTEMPATH/Exceptions/FrameworkException.php on line 39.
 1 SYSTEMPATH/View/View.php(216): CodeIgniter\Exceptions\FrameworkException::forInvalidFile('welcome_message.php')
 2 SYSTEMPATH/Common.php(1190): CodeIgniter\View\View->render('welcome_message', [], true)
 3 APPPATH/Controllers/Home.php(10): view('welcome_message')
 4 SYSTEMPATH/CodeIgniter.php(942): App\Controllers\Home->index()
 5 SYSTEMPATH/CodeIgniter.php(502): CodeIgniter\CodeIgniter->runController(Object(App\Controllers\Home))
 6 SYSTEMPATH/CodeIgniter.php(361): CodeIgniter\CodeIgniter->handleRequest(null, Object(Config\Cache), false)
 7 FCPATH/index.php(79): CodeIgniter\CodeIgniter->run()
 8 SYSTEMPATH/Commands/Server/rewrite.php(47): require_once('/Users/ferroyudisthira/Desktop/Semesters/Semester 5/Framework Based Programming/TugasPertemuan11/public/index.php')
